[2026-03-22 20:34:26] [INFO] 创建头像上传目录：D:\code\HTML\WORK\uploads\avatars
[2026-03-22 20:34:26] [INFO] 校园墙后端服务启动成功：http://localhost:3000
[2026-03-22 20:40:00] [INFO] 用户登录成功：790087
[2026-03-22 20:40:27] [INFO] 头像上传成功：4C6C509030163195FD19164763605301.jpg -> 1774183227896-225605064.jpg
[2026-03-22 20:40:30] [INFO] 头像上传成功：4C6C509030163195FD19164763605301.jpg -> 1774183230285-222563768.jpg
[2026-03-22 20:44:10] [WARN] 业务异常: [21001] 未登录，请先登录
[2026-03-22 20:44:13] [WARN] 业务异常: [21001] 未登录，请先登录
[2026-03-22 20:44:17] [WARN] 业务异常: [21001] 未登录，请先登录
[2026-03-22 20:53:45] [INFO] 用户登录成功：790087
[2026-03-22 20:54:09] [INFO] 校园墙后端服务启动成功：http://localhost:3000
[2026-03-22 20:55:32] [INFO] 头像上传成功：0562DF14A1F40685961C00A23BB8B1DE.jpg -> 1774184132480-772455589.jpg
[2026-03-22 20:55:33] [INFO] 头像上传成功：0562DF14A1F40685961C00A23BB8B1DE.jpg -> 1774184133211-50508177.jpg
[2026-03-22 20:55:33] [INFO] 头像上传成功：0562DF14A1F40685961C00A23BB8B1DE.jpg -> 1774184133684-527779139.jpg
[2026-03-22 20:55:37] [INFO] 头像上传成功：0562DF14A1F40685961C00A23BB8B1DE.jpg -> 1774184137552-298595760.jpg
[2026-03-22 22:13:58] [INFO] 校园墙后端服务启动成功：http://localhost:3000
[2026-03-22 22:14:07] [INFO] 头像上传成功：0562DF14A1F40685961C00A23BB8B1DE.jpg -> 1774188847464-13768396.jpg
[2026-03-22 22:25:44] [INFO] 校园墙后端服务启动成功：http://localhost:3000
[2026-03-22 22:26:06] [INFO] 头像上传成功：8059B874A0A8D6A9CB4D27216815D69F.jpg -> 1774189566428-464040806.jpg
[2026-03-22 22:26:06] [INFO] 用户头像更新成功：用户ID=2，头像URL=/uploads/avatars/1774189566428-464040806.jpg
[2026-03-22 22:41:33] [INFO] 文件上传成功：{EE7C645C-4109-06B8-DB0A-22735D0C6F30}.gif -> 1774190493958-355957748.gif
[2026-03-22 22:41:39] [INFO] 帖子创建成功：ID=9，用户ID=2
[2026-03-22 22:41:39] [INFO] 开始AI审核：帖子ID=9
[2026-03-22 22:41:39] [ERROR] AI审核失败：The SecretId is not found, please ensure that your SecretId is correct.
[2026-03-22 22:41:39] [ERROR] 腾讯云文本审核失败：The SecretId is not found, please ensure that your SecretId is correct.
[2026-03-22 22:41:39] [INFO] 帖子状态更新：ID=9，状态=待人工审核
[2026-03-22 22:41:39] [INFO] AI审核完成：帖子ID=9，结果=存疑
[2026-03-22 22:41:43] [INFO] 用户登录成功：790087
[2026-03-22 22:41:49] [INFO] 用户登录成功：admin001
[2026-03-22 22:41:54] [INFO] 帖子状态更新：ID=9，状态=已发布
[2026-03-22 22:41:54] [INFO] 人工审核完成：帖子ID=9，操作=pass，审核人ID=1
[2026-03-22 22:42:02] [INFO] 用户登录成功：790087
[2026-03-22 23:33:33] [INFO] 校园墙后端服务启动成功：http://localhost:3000
[2026-03-22 23:59:15] [INFO] 校园墙后端服务启动成功：http://localhost:3000
[2026-03-22 23:59:36] [INFO] 帖子创建成功：ID=10，用户ID=2
[2026-03-22 23:59:36] [INFO] 开始AI审核：帖子ID=10
[2026-03-22 23:59:36] [ERROR] 腾讯云文本审核失败：The SecretId is not found, please ensure that your SecretId is correct.
[2026-03-22 23:59:36] [ERROR] AI审核失败：The SecretId is not found, please ensure that your SecretId is correct.
[2026-03-22 23:59:36] [INFO] 帖子状态更新：ID=10，状态=待人工审核
[2026-03-22 23:59:36] [INFO] AI审核完成：帖子ID=10，结果=存疑
[2026-03-22 23:59:39] [INFO] 用户登录成功：790087
