<<<<<<< HEAD
[2026-03-24 16:32:12] [INFO] 校园墙后端服务启动成功：http://localhost:3000
[2026-03-24 16:32:44] [INFO] 用户登录成功：admin001
[2026-03-24 16:32:44] [INFO] 获取仪表盘数据成功
[2026-03-24 16:32:46] [ERROR] 系统异常: Invalid character in header content ["Content-Disposition"]
[2026-03-24 16:33:11] [ERROR] 系统异常: Invalid character in header content ["Content-Disposition"]
[2026-03-24 16:38:34] [INFO] 校园墙后端服务启动成功：http://localhost:3000
=======
[2026-03-24 14:35:12] [INFO] 创建上传目录：C:\Users\EMM\Desktop\WORK\uploads
[2026-03-24 14:35:12] [INFO] 创建头像上传目录：C:\Users\EMM\Desktop\WORK\uploads\avatars
[2026-03-24 14:35:12] [INFO] 校园墙后端服务启动成功：http://localhost:3000
[2026-03-24 14:40:55] [INFO] 用户登录成功：admin001
[2026-03-24 14:40:56] [INFO] 获取仪表盘数据成功
[2026-03-24 14:41:05] [INFO] 获取仪表盘数据成功
[2026-03-24 14:41:13] [INFO] 获取仪表盘数据成功
[2026-03-24 14:41:26] [INFO] 获取仪表盘数据成功
[2026-03-24 14:42:20] [INFO] 获取仪表盘数据成功
[2026-03-24 14:42:55] [INFO] 用户登录成功：admin001
[2026-03-24 14:42:55] [INFO] 获取仪表盘数据成功
[2026-03-24 14:45:36] [INFO] 用户登录成功：admin001
[2026-03-24 14:45:36] [INFO] 获取仪表盘数据成功
[2026-03-24 14:46:14] [INFO] 用户登录成功：admin001
[2026-03-24 14:46:14] [INFO] 获取仪表盘数据成功
[2026-03-24 14:48:03] [INFO] 导入学生花名册成功，共导入3条记录
[2026-03-24 14:49:26] [INFO] 学生注册成功：123，姓名：张三
[2026-03-24 14:49:56] [INFO] 用户登录成功：123
[2026-03-24 14:50:29] [INFO] 开始AI审核：帖子ID=1
[2026-03-24 14:50:29] [INFO] 帖子创建成功：ID=1，用户ID=2
[2026-03-24 14:50:29] [ERROR] AI审核失败：The SecretId is not found, please ensure that your SecretId is correct.
[2026-03-24 14:50:29] [ERROR] 腾讯云文本审核失败：The SecretId is not found, please ensure that your SecretId is correct.
[2026-03-24 14:50:29] [INFO] AI审核完成：帖子ID=1，结果=存疑
[2026-03-24 14:51:03] [INFO] 头像上传成功：å±å¹æªå¾ 2025-11-03 142736.png -> 1774335063425-130219570.png
[2026-03-24 14:51:03] [INFO] 用户待审核头像更新成功：用户ID=2，待审核头像URL=/uploads/avatars/1774335063425-130219570.png
[2026-03-24 14:51:03] [INFO] 开始AI审核：用户ID=2
[2026-03-24 14:51:03] [ERROR] 腾讯云文本审核失败：The SecretId is not found, please ensure that your SecretId is correct.
[2026-03-24 14:51:03] [ERROR] AI审核失败：The SecretId is not found, please ensure that your SecretId is correct.
[2026-03-24 14:51:03] [INFO] AI审核完成：用户ID=2，结果=存疑
[2026-03-24 14:51:24] [INFO] 浏览记录添加成功：ID=1，用户ID=2，帖子ID=1
[2026-03-24 14:51:33] [INFO] 用户登录成功：admin001
[2026-03-24 14:51:33] [INFO] 获取仪表盘数据成功
[2026-03-24 14:52:46] [INFO] 用户状态更新：ID=2，状态=封禁
[2026-03-24 14:52:47] [INFO] 用户状态更新：ID=2，状态=正常
[2026-03-24 14:52:55] [INFO] 获取仪表盘数据成功
[2026-03-24 14:53:01] [INFO] 头像审核完成：用户ID=2，操作=pass，审核人ID=1
[2026-03-24 14:53:04] [INFO] 人工审核完成：帖子ID=1，操作=pass，审核人ID=1
[2026-03-24 14:53:09] [INFO] 用户登录成功：123
[2026-03-24 14:53:22] [INFO] 浏览记录添加成功：ID=1，用户ID=2，帖子ID=1
[2026-03-24 14:53:26] [INFO] 点赞成功：帖子ID=1，用户ID=2
[2026-03-24 14:53:27] [INFO] 取消点赞成功：帖子ID=1，用户ID=2
[2026-03-24 14:53:34] [INFO] 评论创建成功：ID=1，用户ID=2，帖子ID=1
[2026-03-24 14:53:34] [INFO] 开始AI审核：评论ID=1
[2026-03-24 14:53:34] [ERROR] 腾讯云文本审核失败：The SecretId is not found, please ensure that your SecretId is correct.
[2026-03-24 14:53:34] [ERROR] AI审核失败：The SecretId is not found, please ensure that your SecretId is correct.
[2026-03-24 14:53:34] [INFO] AI审核完成：评论ID=1，结果=存疑
[2026-03-24 14:54:04] [INFO] 用户登录成功：admin001
[2026-03-24 14:54:04] [INFO] 获取仪表盘数据成功
[2026-03-24 14:54:07] [INFO] 获取仪表盘数据成功
[2026-03-24 14:54:12] [INFO] 人工审核完成：评论ID=1，操作=pass，审核人ID=1
[2026-03-24 14:54:15] [INFO] 获取仪表盘数据成功
[2026-03-24 14:54:25] [INFO] 用户登录成功：admin001
[2026-03-24 14:54:25] [INFO] 获取仪表盘数据成功
[2026-03-24 14:54:28] [INFO] 用户登录成功：123
[2026-03-24 14:54:32] [INFO] 浏览记录添加成功：ID=1，用户ID=2，帖子ID=1
[2026-03-24 14:56:30] [INFO] 用户登录成功：123
[2026-03-24 15:06:12] [INFO] 用户登录成功：admin001
[2026-03-24 15:06:12] [INFO] 获取仪表盘数据成功
[2026-03-24 15:14:17] [INFO] 用户登录成功：admin001
[2026-03-24 15:14:18] [INFO] 获取仪表盘数据成功
[2026-03-24 15:25:36] [INFO] 用户登录成功：admin001
[2026-03-24 15:25:36] [INFO] 获取仪表盘数据成功
[2026-03-24 15:25:39] [INFO] 获取仪表盘数据成功
[2026-03-24 15:25:41] [INFO] 获取仪表盘数据成功
[2026-03-24 15:25:43] [INFO] 获取仪表盘数据成功
[2026-03-24 15:26:05] [INFO] 获取仪表盘数据成功
[2026-03-24 15:26:09] [INFO] 获取仪表盘数据成功
[2026-03-24 15:27:33] [INFO] 获取仪表盘数据成功
[2026-03-24 15:28:15] [INFO] 获取仪表盘数据成功
[2026-03-24 15:28:17] [INFO] 获取仪表盘数据成功
[2026-03-24 15:29:43] [INFO] 用户登录成功：admin001
[2026-03-24 15:29:43] [INFO] 获取仪表盘数据成功
[2026-03-24 15:31:24] [INFO] 获取仪表盘数据成功
[2026-03-24 15:31:42] [INFO] 获取仪表盘数据成功
[2026-03-24 15:32:39] [INFO] 获取仪表盘数据成功
[2026-03-24 15:32:49] [INFO] 获取仪表盘数据成功
[2026-03-24 15:32:51] [INFO] 获取仪表盘数据成功
[2026-03-24 15:33:10] [INFO] 获取仪表盘数据成功
[2026-03-24 15:33:34] [INFO] 获取仪表盘数据成功
[2026-03-24 15:37:27] [INFO] 获取仪表盘数据成功
[2026-03-24 15:37:33] [INFO] 获取仪表盘数据成功
[2026-03-24 15:41:52] [INFO] 获取仪表盘数据成功
[2026-03-24 15:42:26] [INFO] 获取仪表盘数据成功
[2026-03-24 15:43:26] [INFO] 获取仪表盘数据成功
[2026-03-24 15:43:34] [INFO] 获取仪表盘数据成功
[2026-03-24 15:44:14] [INFO] 获取仪表盘数据成功
[2026-03-24 15:45:00] [INFO] 获取仪表盘数据成功
[2026-03-24 15:47:08] [INFO] 获取仪表盘数据成功
[2026-03-24 15:48:26] [INFO] 获取仪表盘数据成功
[2026-03-24 15:48:33] [INFO] 获取仪表盘数据成功
[2026-03-24 15:48:34] [INFO] 获取仪表盘数据成功
[2026-03-24 15:48:35] [INFO] 获取仪表盘数据成功
[2026-03-24 15:48:37] [INFO] 获取仪表盘数据成功
[2026-03-24 15:48:41] [INFO] 获取仪表盘数据成功
[2026-03-24 15:49:57] [INFO] 获取仪表盘数据成功
[2026-03-24 15:49:59] [INFO] 获取仪表盘数据成功
[2026-03-24 15:50:03] [INFO] 获取仪表盘数据成功
[2026-03-24 15:50:05] [INFO] 获取仪表盘数据成功
[2026-03-24 15:56:27] [INFO] 获取仪表盘数据成功
[2026-03-24 15:56:51] [INFO] 获取仪表盘数据成功
[2026-03-24 15:56:56] [INFO] 获取仪表盘数据成功
[2026-03-24 15:58:16] [INFO] 获取仪表盘数据成功
[2026-03-24 15:58:17] [INFO] 获取仪表盘数据成功
[2026-03-24 15:58:19] [INFO] 获取仪表盘数据成功
[2026-03-24 15:58:21] [INFO] 获取仪表盘数据成功
[2026-03-24 15:59:10] [INFO] 获取仪表盘数据成功
[2026-03-24 16:04:08] [INFO] 获取仪表盘数据成功
[2026-03-24 16:04:10] [INFO] 获取仪表盘数据成功
[2026-03-24 16:04:12] [INFO] 获取仪表盘数据成功
[2026-03-24 16:04:27] [INFO] 获取仪表盘数据成功
[2026-03-24 16:04:56] [INFO] 获取仪表盘数据成功
[2026-03-24 16:04:58] [INFO] 获取仪表盘数据成功
[2026-03-24 16:05:00] [INFO] 获取仪表盘数据成功
[2026-03-24 16:05:43] [INFO] 获取仪表盘数据成功
[2026-03-24 16:06:37] [INFO] 获取仪表盘数据成功
[2026-03-24 16:06:45] [INFO] 获取仪表盘数据成功
[2026-03-24 16:06:46] [INFO] 获取仪表盘数据成功
[2026-03-24 16:07:13] [INFO] 获取仪表盘数据成功
[2026-03-24 16:12:12] [INFO] 获取仪表盘数据成功
[2026-03-24 16:15:14] [INFO] 获取仪表盘数据成功
[2026-03-24 16:15:18] [INFO] 获取仪表盘数据成功
[2026-03-24 16:15:22] [INFO] 获取仪表盘数据成功
[2026-03-24 16:16:39] [INFO] 获取仪表盘数据成功
[2026-03-24 16:16:44] [INFO] 用户状态更新：ID=2，状态=封禁
[2026-03-24 16:16:45] [INFO] 用户状态更新：ID=2，状态=正常
[2026-03-24 16:16:46] [INFO] 用户状态更新：ID=2，状态=封禁
[2026-03-24 16:16:46] [INFO] 用户状态更新：ID=2，状态=正常
[2026-03-24 16:16:46] [INFO] 用户状态更新：ID=2，状态=封禁
[2026-03-24 16:16:46] [INFO] 用户状态更新：ID=2，状态=正常
[2026-03-24 16:21:59] [INFO] 获取仪表盘数据成功
[2026-03-24 16:22:09] [INFO] 获取仪表盘数据成功
[2026-03-24 16:22:38] [INFO] 获取仪表盘数据成功
[2026-03-24 16:22:46] [INFO] 获取仪表盘数据成功
[2026-03-24 16:22:56] [INFO] 获取仪表盘数据成功
[2026-03-24 16:23:31] [INFO] 获取仪表盘数据成功
[2026-03-24 16:23:33] [INFO] 获取仪表盘数据成功
[2026-03-24 16:23:37] [INFO] 获取仪表盘数据成功
[2026-03-24 16:24:07] [INFO] 获取仪表盘数据成功
[2026-03-24 16:24:12] [INFO] 获取仪表盘数据成功
[2026-03-24 16:25:17] [INFO] 获取仪表盘数据成功
[2026-03-24 16:25:23] [INFO] 获取仪表盘数据成功
[2026-03-24 16:25:30] [INFO] 获取仪表盘数据成功
[2026-03-24 16:25:40] [INFO] 获取仪表盘数据成功
[2026-03-24 16:25:43] [INFO] 获取仪表盘数据成功
[2026-03-24 16:26:02] [INFO] 获取仪表盘数据成功
[2026-03-24 16:26:08] [INFO] 获取仪表盘数据成功
[2026-03-24 16:26:38] [INFO] 获取仪表盘数据成功
[2026-03-24 16:26:42] [INFO] 获取仪表盘数据成功
[2026-03-24 16:26:59] [INFO] 获取仪表盘数据成功
[2026-03-24 16:27:49] [INFO] 帖子管理：ID=1，操作=delete，操作人=1
[2026-03-24 16:27:52] [INFO] 获取仪表盘数据成功
[2026-03-24 16:27:54] [INFO] 获取仪表盘数据成功
[2026-03-24 16:27:59] [INFO] 获取仪表盘数据成功
[2026-03-24 16:28:05] [INFO] 用户登录成功：123
[2026-03-24 16:28:10] [WARN] 业务异常: [20001] 用户不存在
[2026-03-24 16:28:11] [WARN] 业务异常: [20001] 用户不存在
[2026-03-24 16:28:15] [INFO] 用户登录成功：123
[2026-03-24 16:28:38] [INFO] 用户登录成功：admin001
[2026-03-24 16:28:38] [INFO] 获取仪表盘数据成功
[2026-03-24 16:28:41] [INFO] 获取仪表盘数据成功
[2026-03-24 16:28:44] [INFO] 用户登录成功：123
[2026-03-24 16:28:51] [INFO] 用户登录成功：123
[2026-03-24 16:31:46] [INFO] 用户登录成功：123
[2026-03-24 16:44:04] [INFO] 用户登录成功：123
[2026-03-24 16:44:14] [INFO] 用户登录成功：123
[2026-03-24 16:45:34] [INFO] 用户登录成功：123
[2026-03-24 16:49:05] [INFO] 用户登录成功：123
[2026-03-24 16:50:46] [INFO] 用户登录成功：123
>>>>>>> zhe-chen
