[2026-03-16 04:42:56] [ERROR] Redis连接错误：Connection timeout
[2026-03-16 04:42:56] [INFO] 校园墙后端服务启动成功：http://localhost:3000
[2026-03-16 04:42:56] [ERROR] Redis连接错误：
[2026-03-16 04:42:57] [ERROR] Redis连接错误：
[2026-03-16 04:42:57] [ERROR] Redis连接错误：
[2026-03-16 04:42:58] [ERROR] Redis连接错误：
[2026-03-16 04:42:58] [ERROR] Redis连接错误：
[2026-03-16 04:43:00] [ERROR] Redis连接错误：
[2026-03-16 04:43:02] [ERROR] Redis连接错误：
[2026-03-16 04:43:04] [ERROR] Redis连接错误：
[2026-03-16 04:43:06] [ERROR] Redis连接错误：
[2026-03-16 04:43:09] [ERROR] Redis连接错误：
[2026-03-16 04:43:11] [ERROR] Redis连接错误：
[2026-03-16 04:43:13] [ERROR] Redis连接错误：
[2026-03-16 04:43:15] [ERROR] Redis连接错误：
[2026-03-16 04:43:17] [ERROR] Redis连接错误：
[2026-03-16 04:43:19] [ERROR] Redis连接错误：
[2026-03-16 04:43:21] [ERROR] Redis连接错误：
[2026-03-16 04:43:24] [ERROR] Redis连接错误：
[2026-03-16 04:43:26] [ERROR] Redis连接错误：
[2026-03-16 04:43:28] [ERROR] Redis连接错误：
[2026-03-16 04:43:30] [ERROR] Redis连接错误：
[2026-03-16 04:43:32] [ERROR] Redis连接错误：
[2026-03-16 04:43:34] [ERROR] Redis连接错误：
[2026-03-16 04:43:36] [ERROR] Redis连接错误：
[2026-03-16 04:43:38] [ERROR] Redis连接错误：
[2026-03-16 04:43:41] [ERROR] Redis连接错误：
[2026-03-16 04:43:43] [ERROR] Redis连接错误：
[2026-03-16 04:43:45] [ERROR] Redis连接错误：
[2026-03-16 04:43:47] [ERROR] Redis连接错误：
[2026-03-16 04:43:49] [ERROR] Redis连接错误：
[2026-03-16 04:43:51] [ERROR] Redis连接错误：
[2026-03-16 04:43:53] [ERROR] Redis连接错误：
[2026-03-16 04:43:55] [ERROR] Redis连接错误：
[2026-03-16 04:43:57] [ERROR] Redis连接错误：
[2026-03-16 04:44:00] [ERROR] Redis连接错误：
[2026-03-16 04:44:02] [ERROR] Redis连接错误：
[2026-03-16 04:44:04] [ERROR] Redis连接错误：
[2026-03-16 04:44:06] [ERROR] Redis连接错误：
[2026-03-16 04:44:08] [ERROR] Redis连接错误：
[2026-03-16 04:44:10] [ERROR] Redis连接错误：
[2026-03-16 04:44:13] [ERROR] Redis连接错误：
[2026-03-16 04:44:15] [ERROR] Redis连接错误：
[2026-03-16 04:44:17] [ERROR] Redis连接错误：
[2026-03-16 04:44:19] [ERROR] Redis连接错误：
[2026-03-16 04:44:21] [ERROR] Redis连接错误：
[2026-03-16 04:44:23] [ERROR] Redis连接错误：
[2026-03-16 04:44:25] [ERROR] Redis连接错误：
[2026-03-16 04:44:27] [ERROR] Redis连接错误：
[2026-03-16 04:44:29] [ERROR] Redis连接错误：
[2026-03-16 04:44:32] [ERROR] Redis连接错误：
[2026-03-16 04:44:34] [ERROR] Redis连接错误：
[2026-03-16 04:44:36] [ERROR] Redis连接错误：
[2026-03-16 04:44:38] [ERROR] Redis连接错误：
[2026-03-16 04:44:40] [ERROR] Redis连接错误：
[2026-03-16 04:44:42] [ERROR] Redis连接错误：
[2026-03-16 04:44:44] [ERROR] Redis连接错误：
[2026-03-16 04:44:46] [ERROR] Redis连接错误：
[2026-03-16 04:44:49] [ERROR] Redis连接错误：
[2026-03-16 04:44:51] [ERROR] Redis连接错误：
[2026-03-16 04:44:53] [ERROR] Redis连接错误：
[2026-03-16 04:44:55] [ERROR] Redis连接错误：
[2026-03-16 04:44:57] [ERROR] Redis连接错误：
[2026-03-16 04:44:59] [ERROR] Redis连接错误：
[2026-03-16 04:45:01] [ERROR] Redis连接错误：
[2026-03-16 04:45:03] [ERROR] Redis连接错误：
[2026-03-16 04:45:05] [ERROR] Redis连接错误：
[2026-03-16 04:45:07] [ERROR] Redis连接错误：
[2026-03-16 04:45:09] [ERROR] Redis连接错误：
[2026-03-16 04:45:11] [ERROR] Redis连接错误：
[2026-03-16 04:45:14] [ERROR] Redis连接错误：
[2026-03-16 04:45:16] [ERROR] Redis连接错误：
[2026-03-16 04:45:18] [ERROR] Redis连接错误：
[2026-03-16 04:45:20] [ERROR] Redis连接错误：
[2026-03-16 04:45:22] [ERROR] Redis连接错误：
[2026-03-16 04:45:24] [ERROR] Redis连接错误：
[2026-03-16 04:45:26] [ERROR] Redis连接错误：
[2026-03-16 04:45:28] [ERROR] Redis连接错误：
[2026-03-16 04:45:30] [ERROR] Redis连接错误：
[2026-03-16 04:45:32] [ERROR] Redis连接错误：
[2026-03-16 04:45:35] [ERROR] Redis连接错误：
[2026-03-16 04:45:37] [ERROR] Redis连接错误：
[2026-03-16 04:45:39] [ERROR] Redis连接错误：
[2026-03-16 04:45:41] [ERROR] Redis连接错误：
[2026-03-16 04:45:43] [ERROR] Redis连接错误：
[2026-03-16 04:45:45] [ERROR] Redis连接错误：
[2026-03-16 04:45:47] [ERROR] Redis连接错误：
[2026-03-16 04:45:49] [ERROR] Redis连接错误：
[2026-03-16 04:45:52] [ERROR] Redis连接错误：
[2026-03-16 04:45:54] [ERROR] Redis连接错误：
[2026-03-16 04:45:56] [ERROR] Redis连接错误：
[2026-03-16 04:45:58] [ERROR] Redis连接错误：
[2026-03-16 04:46:00] [ERROR] Redis连接错误：
[2026-03-16 04:46:02] [ERROR] Redis连接错误：
[2026-03-16 04:46:04] [ERROR] Redis连接错误：
[2026-03-16 04:46:07] [ERROR] Redis连接错误：
[2026-03-16 04:46:09] [ERROR] Redis连接错误：
[2026-03-16 04:46:11] [ERROR] Redis连接错误：
[2026-03-16 04:46:13] [ERROR] Redis连接错误：
[2026-03-16 04:46:15] [ERROR] Redis连接错误：
[2026-03-16 04:46:17] [ERROR] Redis连接错误：
[2026-03-16 04:46:19] [ERROR] Redis连接错误：
[2026-03-16 04:46:21] [ERROR] Redis连接错误：
[2026-03-16 04:46:23] [ERROR] Redis连接错误：
[2026-03-16 04:46:25] [ERROR] Redis连接错误：
[2026-03-16 04:46:28] [ERROR] Redis连接错误：
[2026-03-16 04:46:30] [ERROR] Redis连接错误：
[2026-03-16 04:46:32] [ERROR] Redis连接错误：
[2026-03-16 04:46:34] [ERROR] Redis连接错误：
[2026-03-16 04:46:36] [ERROR] Redis连接错误：
[2026-03-16 04:46:38] [ERROR] Redis连接错误：
[2026-03-16 04:46:40] [ERROR] Redis连接错误：
[2026-03-16 04:46:42] [ERROR] Redis连接错误：
[2026-03-16 04:46:44] [ERROR] Redis连接错误：
[2026-03-16 04:46:46] [ERROR] Redis连接错误：
[2026-03-16 04:46:49] [ERROR] Redis连接错误：
[2026-03-16 04:46:51] [ERROR] Redis连接错误：
[2026-03-16 04:46:53] [ERROR] Redis连接错误：
[2026-03-16 04:49:29] [INFO] 校园墙后端服务启动成功：http://localhost:3000
[2026-03-16 04:50:52] [INFO] 校园墙后端服务启动成功：http://localhost:3000
[2026-03-16 04:59:03] [INFO] 校园墙后端服务启动成功：http://localhost:3000
[2026-03-16 05:21:41] [INFO] 校园墙后端服务启动成功：http://localhost:3000
[2026-03-16 05:21:46] [ERROR] SQL执行失败：SELECT * FROM user WHERE student_id = ?，参数：["2023001"]，错误：
[2026-03-16 05:21:47] [ERROR] SQL执行失败：SELECT * FROM user WHERE student_id = ?，参数：["2023001"]，错误：
[2026-03-16 05:21:48] [ERROR] SQL执行失败：SELECT * FROM user WHERE student_id = ?，参数：["2023001"]，错误：
[2026-03-16 05:21:48] [ERROR] SQL执行失败：SELECT * FROM user WHERE student_id = ?，参数：["2023001"]，错误：
[2026-03-16 05:22:28] [ERROR] SQL执行失败：SELECT * FROM user WHERE student_id = ?，参数：["2023001"]，错误：
[2026-03-16 15:09:25] [INFO] 校园墙后端服务启动成功：http://localhost:3000
[2026-03-16 15:09:51] [ERROR] SQL执行失败：SELECT * FROM user WHERE student_id = ?，参数：["2023001"]，错误：Unknown database 'campus_wall'
[2026-03-16 15:34:56] [INFO] 校园墙后端服务启动成功：http://localhost:3000
[2026-03-16 15:35:00] [ERROR] SQL执行失败：SELECT * FROM user WHERE student_id = ?，参数：["2023001"]，错误：The first argument must be of type string or an instance of Buffer, ArrayBuffer, or Array or an Array-like Object. Received type number (123456)
[2026-03-16 15:46:57] [INFO] 校园墙后端服务启动成功：http://localhost:3000
[2026-03-16 15:47:02] [ERROR] SQL执行失败：SELECT * FROM user WHERE student_id = ?，参数：["2023001"]，错误：The first argument must be of type string or an instance of Buffer, ArrayBuffer, or Array or an Array-like Object. Received type number (123456)
[2026-03-16 15:47:03] [ERROR] SQL执行失败：SELECT * FROM user WHERE student_id = ?，参数：["2023001"]，错误：The first argument must be of type string or an instance of Buffer, ArrayBuffer, or Array or an Array-like Object. Received type number (123456)
[2026-03-16 15:47:21] [ERROR] SQL执行失败：SELECT * FROM user WHERE student_id = ?，参数：["2023001"]，错误：The first argument must be of type string or an instance of Buffer, ArrayBuffer, or Array or an Array-like Object. Received type number (123456)
[2026-03-16 15:49:31] [INFO] 校园墙后端服务启动成功：http://localhost:3000
[2026-03-16 15:56:01] [INFO] 校园墙后端服务启动成功：http://localhost:3000
[2026-03-16 16:16:29] [INFO] 校园墙后端服务启动成功：http://localhost:3000
[2026-03-16 16:20:19] [INFO] 用户登录成功：2023001
[2026-03-16 16:20:42] [INFO] 用户登录成功：2023001
[2026-03-16 16:44:36] [INFO] 校园墙后端服务启动成功：http://localhost:3000
[2026-03-16 16:44:39] [INFO] 用户登录成功：2023001
[2026-03-16 16:46:40] [INFO] 用户登录成功：2023001
[2026-03-16 16:46:51] [INFO] 校园墙后端服务启动成功：http://localhost:3000
[2026-03-16 16:46:56] [INFO] 用户登录成功：2023001
[2026-03-16 16:47:09] [INFO] 用户登录成功：2023001
[2026-03-16 16:48:35] [INFO] 用户登录成功：2023001
[2026-03-16 16:49:13] [INFO] 用户登录成功：2023001
[2026-03-16 16:49:13] [INFO] 用户登录成功：2023001
[2026-03-16 16:49:14] [INFO] 用户登录成功：2023001
[2026-03-16 16:49:14] [INFO] 用户登录成功：2023001
[2026-03-16 16:49:14] [INFO] 用户登录成功：2023001
[2026-03-16 16:50:38] [INFO] 用户登录成功：2023001
[2026-03-16 16:53:44] [INFO] 用户登录成功：2023001
[2026-03-16 16:54:24] [INFO] 用户登录成功：2023001
[2026-03-16 16:54:35] [INFO] 用户登录成功：2023001
[2026-03-16 16:55:48] [INFO] 用户登录成功：2023001
[2026-03-16 16:55:57] [INFO] 用户登录成功：2023001
[2026-03-16 16:57:35] [INFO] 用户登录成功：2023001
[2026-03-16 16:57:36] [INFO] 用户登录成功：2023001
[2026-03-16 16:57:36] [INFO] 用户登录成功：2023001
[2026-03-16 16:57:39] [INFO] 用户登录成功：2023001
[2026-03-16 16:57:39] [INFO] 用户登录成功：2023001
[2026-03-16 16:57:41] [INFO] 用户登录成功：2023001
[2026-03-16 17:00:28] [INFO] 用户登录成功：2023001
[2026-03-16 17:08:35] [INFO] 用户登录成功：2023001
[2026-03-16 17:08:37] [INFO] 用户登录成功：2023001
[2026-03-16 17:09:01] [INFO] 校园墙后端服务启动成功：http://localhost:3000
[2026-03-16 17:09:03] [INFO] 用户登录成功：2023001
[2026-03-16 17:09:05] [INFO] 用户登录成功：2023001
[2026-03-16 17:09:06] [INFO] 用户登录成功：2023001
[2026-03-16 17:09:14] [INFO] 用户登录成功：2023001
[2026-03-16 17:13:53] [INFO] 用户登录成功：2023001
[2026-03-16 17:14:05] [INFO] 用户登录成功：2023001
[2026-03-16 17:14:22] [ERROR] SQL执行失败：
      INSERT INTO post (user_id, content, images, status, ai_result)
      VALUES (?, ?, ?, ?, ?)
    ，参数：[1,"我擦，我的妈妈飞起来了","","AI审核中",""]，错误：Unknown column 'images' in 'field list'
[2026-03-16 17:14:31] [INFO] 用户登录成功：2023001
[2026-03-16 17:15:49] [ERROR] SQL执行失败：
      INSERT INTO post (user_id, content, images, status, ai_result)
      VALUES (?, ?, ?, ?, ?)
    ，参数：[1,"第一个帖子","","AI审核中",""]，错误：Unknown column 'images' in 'field list'
