[2026-03-20 12:50:49] [INFO] 用户登录成功：admin001
[2026-03-20 12:59:52] [INFO] 用户登录成功：790087
[2026-03-20 12:59:59] [INFO] 文件上传成功：7F75BB9DFFBAF39FFAE511ED75C6C320.jpg -> 1773982799547-164749824.jpg
[2026-03-20 13:00:04] [INFO] 帖子创建成功：ID=8，用户ID=2
[2026-03-20 13:00:04] [INFO] 开始AI审核：帖子ID=8
[2026-03-20 13:00:04] [ERROR] 腾讯云文本审核失败：The SecretId is not found, please ensure that your SecretId is correct.
[2026-03-20 13:00:04] [ERROR] AI审核失败：The SecretId is not found, please ensure that your SecretId is correct.
[2026-03-20 13:00:04] [INFO] 帖子状态更新：ID=8，状态=待人工审核
[2026-03-20 13:00:04] [INFO] AI审核完成：帖子ID=8，结果=存疑
[2026-03-20 13:00:22] [INFO] 用户登录成功：admin001
[2026-03-20 13:09:59] [INFO] 校园墙后端服务启动成功：http://localhost:3000
[2026-03-20 13:12:22] [INFO] 帖子状态更新：ID=6，状态=已驳回
[2026-03-20 13:12:22] [INFO] 人工审核完成：帖子ID=6，操作=reject，审核人ID=1
[2026-03-20 13:29:19] [INFO] 校园墙后端服务启动成功：http://localhost:3000
[2026-03-20 13:34:44] [INFO] 校园墙后端服务启动成功：http://localhost:3000
[2026-03-20 14:01:01] [INFO] 用户状态更新：ID=2，状态=封禁
[2026-03-20 14:01:02] [INFO] 用户状态更新：ID=2，状态=正常
[2026-03-20 14:05:49] [INFO] 校园墙后端服务启动成功：http://localhost:3000
[2026-03-20 14:31:36] [INFO] 校园墙后端服务启动成功：http://localhost:3000
[2026-03-20 14:42:33] [INFO] 校园墙后端服务启动成功：http://localhost:3000
[2026-03-20 14:53:23] [INFO] 添加敏感词成功: 铭感词测试
[2026-03-20 15:01:58] [INFO] 校园墙后端服务启动成功：http://localhost:3000
[2026-03-20 15:13:18] [INFO] 校园墙后端服务启动成功：http://localhost:3000
[2026-03-20 15:13:24] [INFO] 更新敏感词状态成功: ID=1, status=0
[2026-03-20 15:13:24] [INFO] 更新敏感词状态成功: ID=1, status=1
[2026-03-20 15:13:27] [INFO] 删除敏感词成功: ID=1
[2026-03-20 15:13:31] [INFO] 添加敏感词成功: 嘻嘻
[2026-03-20 15:14:08] [INFO] 帖子状态更新：ID=8，状态=已发布
[2026-03-20 15:14:08] [INFO] 人工审核完成：帖子ID=8，操作=pass，审核人ID=1
[2026-03-20 15:14:26] [INFO] 设置AI审核配置成功:
[2026-03-20 15:15:01] [INFO] 用户登录成功：790087
[2026-03-20 16:38:10] [INFO] 校园墙后端服务启动成功：http://localhost:3000
[2026-03-20 16:38:40] [INFO] 用户登录成功：790087
[2026-03-20 16:38:49] [INFO] 用户登录成功：790087
[2026-03-20 16:38:53] [WARN] 业务异常: [20001] 用户不存在
[2026-03-20 16:38:59] [WARN] 业务异常: [20002] 密码错误
[2026-03-20 19:17:03] [WARN] 业务异常: [20001] 用户不存在
[2026-03-20 19:17:05] [INFO] 用户登录成功：790087
